<?xml version="1.0" encoding="UTF-8"?>
<testng-results skipped="0" failed="0" total="2" passed="2">
  <reporter-output>
  </reporter-output>
  <suite name="Default suite" duration-ms="82657" started-at="2021-01-15T03:10:46Z" finished-at="2021-01-15T03:12:09Z">
    <groups>
      <group name="IntelliReflex Mobile Application Test Report">
        <method signature="TestRunner.feature(cucumber.api.testng.CucumberFeatureWrapper)[pri:0, instance:com.runner.TestRunner@6b4a4e18]" name="feature" class="com.runner.TestRunner"/>
      </group> <!-- IntelliReflex Mobile Application Test Report -->
    </groups>
    <test name="Default test" duration-ms="82657" started-at="2021-01-15T03:10:46Z" finished-at="2021-01-15T03:12:09Z">
      <class name="com.runner.TestRunner">
        <test-method status="PASS" signature="setUpClass()[pri:0, instance:com.runner.TestRunner@6b4a4e18]" name="setUpClass" is-config="true" duration-ms="257" started-at="2021-01-15T08:40:46Z" finished-at="2021-01-15T08:40:46Z">
          <reporter-output>
          </reporter-output>
        </test-method> <!-- setUpClass -->
        <test-method status="PASS" signature="feature(cucumber.api.testng.CucumberFeatureWrapper)[pri:0, instance:com.runner.TestRunner@6b4a4e18]" name="feature" duration-ms="39658" started-at="2021-01-15T08:40:46Z" description="Runs Cucumber Feature" data-provider="features" finished-at="2021-01-15T08:41:26Z">
          <params>
            <param index="0">
              <value>
                <![CDATA[IntelliReflex Login]]>
              </value>
            </param>
          </params>
          <reporter-output>
          </reporter-output>
        </test-method> <!-- feature -->
        <test-method status="PASS" signature="feature(cucumber.api.testng.CucumberFeatureWrapper)[pri:0, instance:com.runner.TestRunner@6b4a4e18]" name="feature" duration-ms="42467" started-at="2021-01-15T08:41:26Z" description="Runs Cucumber Feature" data-provider="features" finished-at="2021-01-15T08:42:09Z">
          <params>
            <param index="0">
              <value>
                <![CDATA[IntelliReflex Login User Profile]]>
              </value>
            </param>
          </params>
          <reporter-output>
          </reporter-output>
        </test-method> <!-- feature -->
        <test-method status="PASS" signature="tearDownClass()[pri:0, instance:com.runner.TestRunner@6b4a4e18]" name="tearDownClass" is-config="true" duration-ms="141" started-at="2021-01-15T08:42:09Z" finished-at="2021-01-15T08:42:09Z">
          <reporter-output>
          </reporter-output>
        </test-method> <!-- tearDownClass -->
      </class> <!-- com.runner.TestRunner -->
    </test> <!-- Default test -->
  </suite> <!-- Default suite -->
</testng-results>
