<?xml version="1.0" encoding="UTF-8"?>
<testng-results total="7" passed="6" failed="1" skipped="0">
  <reporter-output>
  </reporter-output>
  <suite started-at="2023-03-06T10:08:23Z" name="Default suite" finished-at="2023-03-06T10:08:44Z" duration-ms="20867">
    <groups>
      <group name="TrustWallet Mobile Application Test Report">
        <method signature="TestRunner.feature(cucumber.api.testng.CucumberFeatureWrapper)[pri:0, instance:com.runner.TestRunner@4397ad89]" name="feature" class="com.runner.TestRunner"/>
      </group> <!-- TrustWallet Mobile Application Test Report -->
    </groups>
    <test started-at="2023-03-06T10:08:23Z" name="Default test" finished-at="2023-03-06T10:08:44Z" duration-ms="20867">
      <class name="com.runner.TestRunner">
        <test-method is-config="true" signature="setUpClass()[pri:0, instance:com.runner.TestRunner@4397ad89]" started-at="2023-03-06T15:38:23Z" name="setUpClass" finished-at="2023-03-06T15:38:24Z" duration-ms="342" status="PASS">
          <reporter-output>
          </reporter-output>
        </test-method> <!-- setUpClass -->
        <test-method signature="feature(cucumber.api.testng.CucumberFeatureWrapper)[pri:0, instance:com.runner.TestRunner@4397ad89]" started-at="2023-03-06T15:38:24Z" name="feature" description="Runs Cucumber Feature" data-provider="features" finished-at="2023-03-06T15:38:24Z" duration-ms="397" status="PASS">
          <params>
            <param index="0">
              <value>
                <![CDATA[TrustWalletConfirmRecoveryPhrase]]>
              </value>
            </param>
          </params>
          <reporter-output>
          </reporter-output>
        </test-method> <!-- feature -->
        <test-method signature="feature(cucumber.api.testng.CucumberFeatureWrapper)[pri:0, instance:com.runner.TestRunner@4397ad89]" started-at="2023-03-06T15:38:24Z" name="feature" description="Runs Cucumber Feature" data-provider="features" finished-at="2023-03-06T15:38:24Z" duration-ms="17" status="PASS">
          <params>
            <param index="0">
              <value>
                <![CDATA[TrustWalletConfirmSetPass]]>
              </value>
            </param>
          </params>
          <reporter-output>
          </reporter-output>
        </test-method> <!-- feature -->
        <test-method signature="feature(cucumber.api.testng.CucumberFeatureWrapper)[pri:0, instance:com.runner.TestRunner@4397ad89]" started-at="2023-03-06T15:38:24Z" name="feature" description="Runs Cucumber Feature" data-provider="features" finished-at="2023-03-06T15:38:24Z" duration-ms="12" status="PASS">
          <params>
            <param index="0">
              <value>
                <![CDATA[TrustWalletConsent]]>
              </value>
            </param>
          </params>
          <reporter-output>
          </reporter-output>
        </test-method> <!-- feature -->
        <test-method signature="feature(cucumber.api.testng.CucumberFeatureWrapper)[pri:0, instance:com.runner.TestRunner@4397ad89]" started-at="2023-03-06T15:38:24Z" name="feature" description="Runs Cucumber Feature" data-provider="features" finished-at="2023-03-06T15:38:24Z" duration-ms="32" status="PASS">
          <params>
            <param index="0">
              <value>
                <![CDATA[TrustWalletLegal]]>
              </value>
            </param>
          </params>
          <reporter-output>
          </reporter-output>
        </test-method> <!-- feature -->
        <test-method signature="feature(cucumber.api.testng.CucumberFeatureWrapper)[pri:0, instance:com.runner.TestRunner@4397ad89]" started-at="2023-03-06T15:38:24Z" name="feature" description="Runs Cucumber Feature" data-provider="features" finished-at="2023-03-06T15:38:24Z" duration-ms="9" status="PASS">
          <params>
            <param index="0">
              <value>
                <![CDATA[TrustWalletRecoveryPhrase]]>
              </value>
            </param>
          </params>
          <reporter-output>
          </reporter-output>
        </test-method> <!-- feature -->
        <test-method signature="feature(cucumber.api.testng.CucumberFeatureWrapper)[pri:0, instance:com.runner.TestRunner@4397ad89]" started-at="2023-03-06T15:38:24Z" name="feature" description="Runs Cucumber Feature" data-provider="features" finished-at="2023-03-06T15:38:24Z" duration-ms="11" status="PASS">
          <params>
            <param index="0">
              <value>
                <![CDATA[TrustWalletSetPass]]>
              </value>
            </param>
          </params>
          <reporter-output>
          </reporter-output>
        </test-method> <!-- feature -->
        <test-method signature="feature(cucumber.api.testng.CucumberFeatureWrapper)[pri:0, instance:com.runner.TestRunner@4397ad89]" started-at="2023-03-06T15:38:24Z" name="feature" description="Runs Cucumber Feature" data-provider="features" finished-at="2023-03-06T15:38:44Z" duration-ms="19838" status="FAIL">
          <params>
            <param index="0">
              <value>
                <![CDATA[TrustWallet01Welcome]]>
              </value>
            </param>
          </params>
          <exception class="cucumber.runtime.CucumberException">
            <message>
              <![CDATA[org.openqa.selenium.NoSuchElementException: An element could not be located on the page using the given search parameters.
For documentation on this error, please visit: https://www.seleniumhq.org/exceptions/no_such_element.html
Build info: version: '3.141.59', revision: 'e82be7d358', time: '2018-11-14T08:17:03'
System info: host: 'ISIPLMUMLP144', ip: '172.30.240.1', os.name: 'Windows 10', os.arch: 'amd64', os.version: '10.0', java.version: '15.0.1'
Driver info: io.appium.java_client.android.AndroidDriver
Capabilities {adbExecTimeout: 70000, app: D:\Personal\TrustWallet\Mob..., appActivity: com.wallet.crypto.trustapp...., appPackage: com.wallet.crypto.trustapp, databaseEnabled: false, desired: {adbExecTimeout: 70000, app: D:\Personal\TrustWallet\Mob..., appActivity: com.wallet.crypto.trustapp...., appPackage: com.wallet.crypto.trustapp, deviceName: RFCT60YV00V, platformName: android, platformVersion: 13.0}, deviceApiLevel: 33, deviceManufacturer: samsung, deviceModel: SM-S906U1, deviceName: RFCT60YV00V, deviceScreenDensity: 450, deviceScreenSize: 1080x2340, deviceUDID: RFCT60YV00V, javascriptEnabled: true, locationContextEnabled: false, networkConnectionEnabled: true, pixelRatio: 2.8125, platform: LINUX, platformName: Android, platformVersion: 13, statBarHeight: 74, takesScreenshot: true, viewportRect: {height: 2057, left: 0, top: 74, width: 1080}, warnings: {}, webStorageEnabled: false}
Session ID: 4b9e603e-4309-42a8-bd7e-75e151b95911
*** Element info: {Using=id, value=btn_01}]]>
            </message>
            <full-stacktrace>
              <![CDATA[cucumber.runtime.CucumberException: org.openqa.selenium.NoSuchElementException: An element could not be located on the page using the given search parameters.
For documentation on this error, please visit: https://www.seleniumhq.org/exceptions/no_such_element.html
Build info: version: '3.141.59', revision: 'e82be7d358', time: '2018-11-14T08:17:03'
System info: host: 'ISIPLMUMLP144', ip: '172.30.240.1', os.name: 'Windows 10', os.arch: 'amd64', os.version: '10.0', java.version: '15.0.1'
Driver info: io.appium.java_client.android.AndroidDriver
Capabilities {adbExecTimeout: 70000, app: D:\Personal\TrustWallet\Mob..., appActivity: com.wallet.crypto.trustapp...., appPackage: com.wallet.crypto.trustapp, databaseEnabled: false, desired: {adbExecTimeout: 70000, app: D:\Personal\TrustWallet\Mob..., appActivity: com.wallet.crypto.trustapp...., appPackage: com.wallet.crypto.trustapp, deviceName: RFCT60YV00V, platformName: android, platformVersion: 13.0}, deviceApiLevel: 33, deviceManufacturer: samsung, deviceModel: SM-S906U1, deviceName: RFCT60YV00V, deviceScreenDensity: 450, deviceScreenSize: 1080x2340, deviceUDID: RFCT60YV00V, javascriptEnabled: true, locationContextEnabled: false, networkConnectionEnabled: true, pixelRatio: 2.8125, platform: LINUX, platformName: Android, platformVersion: 13, statBarHeight: 74, takesScreenshot: true, viewportRect: {height: 2057, left: 0, top: 74, width: 1080}, warnings: {}, webStorageEnabled: false}
Session ID: 4b9e603e-4309-42a8-bd7e-75e151b95911
*** Element info: {Using=id, value=btn_01}
	at cucumber.api.testng.TestNGCucumberRunner.runCucumber(TestNGCucumberRunner.java:69)
	at com.runner.TestRunner.feature(TestRunner.java:36)
	at java.base/jdk.internal.reflect.NativeMethodAccessorImpl.invoke0(Native Method)
	at java.base/jdk.internal.reflect.NativeMethodAccessorImpl.invoke(NativeMethodAccessorImpl.java:64)
	at java.base/jdk.internal.reflect.DelegatingMethodAccessorImpl.invoke(DelegatingMethodAccessorImpl.java:43)
	at java.base/java.lang.reflect.Method.invoke(Method.java:564)
	at org.testng.internal.MethodInvocationHelper.invokeMethod(MethodInvocationHelper.java:86)
	at org.testng.internal.Invoker.invokeMethod(Invoker.java:643)
	at org.testng.internal.Invoker.invokeTestMethod(Invoker.java:820)
	at org.testng.internal.Invoker.invokeTestMethods(Invoker.java:1128)
	at org.testng.internal.TestMethodWorker.invokeTestMethods(TestMethodWorker.java:129)
	at org.testng.internal.TestMethodWorker.run(TestMethodWorker.java:112)
	at org.testng.TestRunner.privateRun(TestRunner.java:782)
	at org.testng.TestRunner.run(TestRunner.java:632)
	at org.testng.SuiteRunner.runTest(SuiteRunner.java:366)
	at org.testng.SuiteRunner.runSequentially(SuiteRunner.java:361)
	at org.testng.SuiteRunner.privateRun(SuiteRunner.java:319)
	at org.testng.SuiteRunner.run(SuiteRunner.java:268)
	at org.testng.SuiteRunnerWorker.runSuite(SuiteRunnerWorker.java:52)
	at org.testng.SuiteRunnerWorker.run(SuiteRunnerWorker.java:86)
	at org.testng.TestNG.runSuitesSequentially(TestNG.java:1244)
	at org.testng.TestNG.runSuitesLocally(TestNG.java:1169)
	at org.testng.TestNG.run(TestNG.java:1064)
	at org.testng.remote.AbstractRemoteTestNG.run(AbstractRemoteTestNG.java:115)
	at org.testng.remote.RemoteTestNG.initAndRun(RemoteTestNG.java:251)
	at org.testng.remote.RemoteTestNG.main(RemoteTestNG.java:77)
Caused by: org.openqa.selenium.NoSuchElementException: An element could not be located on the page using the given search parameters.
For documentation on this error, please visit: https://www.seleniumhq.org/exceptions/no_such_element.html
Build info: version: '3.141.59', revision: 'e82be7d358', time: '2018-11-14T08:17:03'
System info: host: 'ISIPLMUMLP144', ip: '172.30.240.1', os.name: 'Windows 10', os.arch: 'amd64', os.version: '10.0', java.version: '15.0.1'
Driver info: io.appium.java_client.android.AndroidDriver
Capabilities {adbExecTimeout: 70000, app: D:\Personal\TrustWallet\Mob..., appActivity: com.wallet.crypto.trustapp...., appPackage: com.wallet.crypto.trustapp, databaseEnabled: false, desired: {adbExecTimeout: 70000, app: D:\Personal\TrustWallet\Mob..., appActivity: com.wallet.crypto.trustapp...., appPackage: com.wallet.crypto.trustapp, deviceName: RFCT60YV00V, platformName: android, platformVersion: 13.0}, deviceApiLevel: 33, deviceManufacturer: samsung, deviceModel: SM-S906U1, deviceName: RFCT60YV00V, deviceScreenDensity: 450, deviceScreenSize: 1080x2340, deviceUDID: RFCT60YV00V, javascriptEnabled: true, locationContextEnabled: false, networkConnectionEnabled: true, pixelRatio: 2.8125, platform: LINUX, platformName: Android, platformVersion: 13, statBarHeight: 74, takesScreenshot: true, viewportRect: {height: 2057, left: 0, top: 74, width: 1080}, warnings: {}, webStorageEnabled: false}
Session ID: 4b9e603e-4309-42a8-bd7e-75e151b95911
*** Element info: {Using=id, value=btn_01}
	at java.base/jdk.internal.reflect.NativeConstructorAccessorImpl.newInstance0(Native Method)
	at java.base/jdk.internal.reflect.NativeConstructorAccessorImpl.newInstance(NativeConstructorAccessorImpl.java:64)
	at java.base/jdk.internal.reflect.DelegatingConstructorAccessorImpl.newInstance(DelegatingConstructorAccessorImpl.java:45)
	at java.base/java.lang.reflect.Constructor.newInstanceWithCaller(Constructor.java:500)
	at java.base/java.lang.reflect.Constructor.newInstance(Constructor.java:481)
	at org.openqa.selenium.remote.http.W3CHttpResponseCodec.createException(W3CHttpResponseCodec.java:187)
	at org.openqa.selenium.remote.http.W3CHttpResponseCodec.decode(W3CHttpResponseCodec.java:122)
	at org.openqa.selenium.remote.http.W3CHttpResponseCodec.decode(W3CHttpResponseCodec.java:49)
	at org.openqa.selenium.remote.HttpCommandExecutor.execute(HttpCommandExecutor.java:158)
	at io.appium.java_client.remote.AppiumCommandExecutor.execute(AppiumCommandExecutor.java:239)
	at org.openqa.selenium.remote.RemoteWebDriver.execute(RemoteWebDriver.java:552)
	at io.appium.java_client.DefaultGenericMobileDriver.execute(DefaultGenericMobileDriver.java:41)
	at io.appium.java_client.AppiumDriver.execute(AppiumDriver.java:1)
	at io.appium.java_client.android.AndroidDriver.execute(AndroidDriver.java:1)
	at org.openqa.selenium.remote.RemoteWebDriver.findElement(RemoteWebDriver.java:323)
	at io.appium.java_client.DefaultGenericMobileDriver.findElement(DefaultGenericMobileDriver.java:61)
	at io.appium.java_client.AppiumDriver.findElement(AppiumDriver.java:1)
	at io.appium.java_client.android.AndroidDriver.findElement(AndroidDriver.java:1)
	at org.openqa.selenium.remote.RemoteWebDriver.findElementById(RemoteWebDriver.java:372)
	at io.appium.java_client.DefaultGenericMobileDriver.findElementById(DefaultGenericMobileDriver.java:69)
	at io.appium.java_client.AppiumDriver.findElementById(AppiumDriver.java:1)
	at io.appium.java_client.android.AndroidDriver.findElementById(AndroidDriver.java:1)
	at org.openqa.selenium.By$ById.findElement(By.java:188)
	at org.openqa.selenium.remote.RemoteWebDriver.findElement(RemoteWebDriver.java:315)
	at io.appium.java_client.DefaultGenericMobileDriver.findElement(DefaultGenericMobileDriver.java:57)
	at io.appium.java_client.AppiumDriver.findElement(AppiumDriver.java:1)
	at io.appium.java_client.android.AndroidDriver.findElement(AndroidDriver.java:1)
	at com.baseClass.MobileBaseClass.launchEmulator(MobileBaseClass.java:91)
	at com.stepDefs.AllStepDefs.user_is_on_TrustWallet_Home_Page(AllStepDefs.java:16)
	at âœ½.Given user is on TrustWallet Home Page(trustWallet-Welcome.feature:6)
]]>
            </full-stacktrace>
          </exception> <!-- cucumber.runtime.CucumberException -->
          <reporter-output>
          </reporter-output>
        </test-method> <!-- feature -->
        <test-method is-config="true" signature="tearDownClass()[pri:0, instance:com.runner.TestRunner@4397ad89]" started-at="2023-03-06T15:38:44Z" name="tearDownClass" finished-at="2023-03-06T15:38:44Z" duration-ms="43" status="PASS">
          <reporter-output>
          </reporter-output>
        </test-method> <!-- tearDownClass -->
      </class> <!-- com.runner.TestRunner -->
    </test> <!-- Default test -->
  </suite> <!-- Default suite -->
</testng-results>
